<?xml version="1.0" encoding="UTF-8"?>
<testsuite xmlns:xsi="http://www.w3.org/2001/XMLSchema-instance" xsi:noNamespaceSchemaLocation="https://maven.apache.org/surefire/maven-surefire-plugin/xsd/surefire-test-report-3.0.xsd" version="3.0" name="testRunner.SmokeRunner" time="17.036" tests="1" errors="0" skipped="0" failures="0">
  <properties>
[...]
</properties>
  <testcase name="Adding the employee from UI (frontend) and verifying it from backend" classname="Employee" time="15.122">
    <system-out><![CDATA[
@database
Scenario: Adding the employee from UI (frontend) and verifying it from backend &amp#27;[90m# src/test/resources/Features/AddEmployee.feature:23&amp#27;[0m
  &amp#27;[32mWhen &amp#27;[0m&amp#27;[32muser enters valid email and valid password&amp#27;[0m                              &amp#27;[90m# stepDefinitions.Login.user_enters_valid_email_and_valid_password()&amp#27;[0m
  &amp#27;[32mAnd &amp#27;[0m&amp#27;[32mclick on login button&amp#27;[0m                                                    &amp#27;[90m# stepDefinitions.Login.click_on_login_button()&amp#27;[0m
  &amp#27;[32mWhen &amp#27;[0m&amp#27;[32muser clicks on PIM option&amp#27;[0m                                               &amp#27;[90m# stepDefinitions.AddEmployee.user_clicks_on_pim_option()&amp#27;[0m
  &amp#27;[32mAnd &amp#27;[0m&amp#27;[32muser clicks on add employee button&amp#27;[0m                                       &amp#27;[90m# stepDefinitions.AddEmployee.user_clicks_on_add_employee_button()&amp#27;[0m
  &amp#27;[32mAnd &amp#27;[0m&amp#27;[32muser entries &amp#27;[0m&amp#27;[32m&amp#27;[1m"Nisha"&amp#27;[0m&amp#27;[32m and &amp#27;[0m&amp#27;[32m&amp#27;[1m"sania"&amp#27;[0m&amp#27;[32m and &amp#27;[0m&amp#27;[32m&amp#27;[1m"standart"&amp#27;[0m                          &amp#27;[90m# stepDefinitions.AddEmployee.user_entries_and_and(java.lang.String,java.lang.String,java.lang.String)&amp#27;[0m
The employee id is: 8162991
  &amp#27;[32mAnd &amp#27;[0m&amp#27;[32muser captures the employee id&amp#27;[0m                                            &amp#27;[90m# stepDefinitions.AddEmployee.user_captures_the_employee_id()&amp#27;[0m
My Assertion is true
  &amp#27;[32mAnd &amp#27;[0m&amp#27;[32muser clicks on save button&amp#27;[0m                                               &amp#27;[90m# stepDefinitions.AddEmployee.user_clicks_on_save_button()&amp#27;[0m
{emp_number=51651, employee_id=8162991, emp_lastname=standart, emp_firstname=Nisha, emp_middle_name=sania, emp_nick_name=, emp_smoker=0, ethnic_race_code=null, emp_birthday=null, nation_code=null, emp_gender=null, emp_marital_status=null, emp_ssn_num=, emp_sin_num=, emp_other_id=, emp_dri_lice_num=, emp_dri_lice_exp_date=null, emp_military_service=, emp_status=null, job_title_code=null, eeo_cat_code=null, work_station=null, emp_street1=, emp_street2=, city_code=, coun_code=, provin_code=, emp_zipcode=null, emp_hm_telephone=null, emp_mobile=null, emp_work_telephone=null, emp_work_email=null, joined_date=null, emp_oth_email=null, termination_id=null, erep_sup_emp_number=null, erep_reporting_mode=null}
  &amp#27;[32mAnd &amp#27;[0m&amp#27;[32mquery the information in backend&amp#27;[0m                                         &amp#27;[90m# stepDefinitions.AddEmployee.query_the_information_in_backend()&amp#27;[0m
Nisha
standart
My assertion has passed my test case
  &amp#27;[32mThen &amp#27;[0m&amp#27;[32mverify the results from frontend to backend&amp#27;[0m                             &amp#27;[90m# stepDefinitions.AddEmployee.verify_the_results_from_frontend_to_backend()&amp#27;[0m

    Embedding Adding the employee from UI (frontend) and verifying it from backend [image/png 113626 bytes]

]]></system-out>
    <system-err><![CDATA[May 31, 2023 9:27:43 PM org.openqa.selenium.manager.SeleniumManager getDriverPath
INFO: Applicable driver not found; attempting to install with Selenium Manager (Beta)
SLF4J: Failed to load class "org.slf4j.impl.StaticLoggerBinder".
SLF4J: Defaulting to no-operation (NOP) logger implementation
SLF4J: See http://www.slf4j.org/codes.html#StaticLoggerBinder for further details.
ERROR StatusLogger Log4j2 could not find a logging implementation. Please add log4j-core to the classpath. Using SimpleLogger to log to the console...
Starting ChromeDriver 113.0.5672.63 (0e1a4471d5ae5bf128b1bd8f4d627c8cbd55f70c-refs/branch-heads/5672@{#912}) on port 10099
Only local connections are allowed.
Please see https://chromedriver.chromium.org/security-considerations for suggestions on keeping ChromeDriver safe.
ChromeDriver was started successfully.
]]></system-err>
  </testcase>
</testsuite>